<?xml version="1.0" encoding="UTF-8"?>
<coverage generated="1712647895633" clover="3.2.0">
  <project timestamp="1712647895634" name="All files">
    <metrics statements="4" coveredstatements="4" conditionals="14" coveredconditionals="14" methods="1" coveredmethods="1" elements="19" coveredelements="19" complexity="0" loc="4" ncloc="4" packages="1" files="1" classes="1"/>
    <file name="triangleDeterminer.js" path="F:\.Уник\3 курс\6 сем\Тестирование ПО\Software_Testing_labs\laba7\src\triangleDeterminer.js">
      <metrics statements="4" coveredstatements="4" conditionals="14" coveredconditionals="14" methods="1" coveredmethods="1"/>
      <line num="5" count="14" type="cond" truecount="2" falsecount="0"/>
      <line num="16" count="5" type="stmt"/>
      <line num="20" count="9" type="stmt"/>
      <line num="25" count="1" type="stmt"/>
    </file>
  </project>
</coverage>
