{"F:\\.Уник\\3 курс\\6 сем\\Тестирование ПО\\Software_Testing_labs\\laba7\\src\\triangleDeterminer.js": {"path":"F:\\.Уник\\3 курс\\6 сем\\Тестирование ПО\\Software_Testing_labs\\laba7\\src\\triangleDeterminer.js","statementMap":{"0":{"start":{"line":5,"column":2},"end":{"line":17,"column":3}},"1":{"start":{"line":16,"column":4},"end":{"line":16,"column":17}},"2":{"start":{"line":20,"column":2},"end":{"line":22,"column":4}},"3":{"start":{"line":25,"column":0},"end":{"line":25,"column":28}}},"fnMap":{"0":{"name":"isTriangle","decl":{"start":{"line":4,"column":9},"end":{"line":4,"column":19}},"loc":{"start":{"line":4,"column":41},"end":{"line":23,"column":1}},"line":4}},"branchMap":{"0":{"loc":{"start":{"line":5,"column":2},"end":{"line":17,"column":3}},"type":"if","locations":[{"start":{"line":5,"column":2},"end":{"line":17,"column":3}},{"start":{},"end":{}}],"line":5},"1":{"loc":{"start":{"line":6,"column":4},"end":{"line":14,"column":14}},"type":"binary-expr","locations":[{"start":{"line":6,"column":4},"end":{"line":6,"column":29}},{"start":{"line":7,"column":4},"end":{"line":7,"column":29}},{"start":{"line":8,"column":4},"end":{"line":8,"column":29}},{"start":{"line":9,"column":4},"end":{"line":9,"column":16}},{"start":{"line":10,"column":4},"end":{"line":10,"column":16}},{"start":{"line":11,"column":4},"end":{"line":11,"column":16}},{"start":{"line":12,"column":4},"end":{"line":12,"column":14}},{"start":{"line":13,"column":4},"end":{"line":13,"column":14}},{"start":{"line":14,"column":4},"end":{"line":14,"column":14}}],"line":6},"2":{"loc":{"start":{"line":21,"column":4},"end":{"line":21,"column":75}},"type":"binary-expr","locations":[{"start":{"line":21,"column":4},"end":{"line":21,"column":25}},{"start":{"line":21,"column":29},"end":{"line":21,"column":50}},{"start":{"line":21,"column":54},"end":{"line":21,"column":75}}],"line":21}},"s":{"0":14,"1":5,"2":9,"3":1},"f":{"0":14},"b":{"0":[5,9],"1":[14,13,13,13,13,13,12,9,9],"2":[9,6,6]},"_coverageSchema":"1a1c01bbd47fc00a2c39e90264f33305004495a9","hash":"d7b9b68616ee1546483b8a14165590f764231ca2"}
}
